<?xml version="1.0" encoding="UTF-8"?>
<testng-results skipped="0" failed="0" ignored="0" total="1" passed="1">
  <reporter-output>
    <line>
      <![CDATA[Test A Method]]>
    </line>
  </reporter-output>
  <suite name="Default suite" duration-ms="4914" started-at="2021-08-17T15:15:11Z" finished-at="2021-08-17T15:15:16Z">
    <groups>
    </groups>
    <test name="Default test" duration-ms="4914" started-at="2021-08-17T15:15:11Z" finished-at="2021-08-17T15:15:16Z">
      <class name="script1.Test1">
        <test-method status="PASS" signature="openApp()[pri:0, instance:script1.Test1@4fe767f3]" name="openApp" is-config="true" duration-ms="4817" started-at="2021-08-17T15:15:11Z" finished-at="2021-08-17T15:15:16Z">
          <reporter-output>
          </reporter-output>
        </test-method> <!-- openApp -->
        <test-method status="PASS" signature="testA()[pri:0, instance:script1.Test1@4fe767f3]" name="testA" duration-ms="3" started-at="2021-08-17T15:15:16Z" finished-at="2021-08-17T15:15:16Z">
          <reporter-output>
            <line>
              <![CDATA[Test A Method]]>
            </line>
          </reporter-output>
        </test-method> <!-- testA -->
        <test-method status="PASS" signature="closeApp()[pri:0, instance:script1.Test1@4fe767f3]" name="closeApp" is-config="true" duration-ms="79" started-at="2021-08-17T15:15:16Z" finished-at="2021-08-17T15:15:16Z">
          <reporter-output>
          </reporter-output>
        </test-method> <!-- closeApp -->
      </class> <!-- script1.Test1 -->
    </test> <!-- Default test -->
  </suite> <!-- Default suite -->
</testng-results>
